<?xml version="1.0" encoding="UTF-8"?>
<!-- Generated by org.testng.reporters.JUnitReportReporter -->
<testsuite skipped="0" hostname="DESKTOP-51NR18P" name="week5.day2.EditLead" tests="4" failures="0" timestamp="17 Mar 2019 10:15:14 GMT" time="44.411" errors="0">
  <testcase name="editLeadTestCase" time="10.182" classname="week5.day2.EditLead"/>
  <testcase name="editLeadTestCase" time="10.798" classname="week5.day2.EditLead"/>
  <testcase name="editLeadTestCase" time="13.405" classname="week5.day2.EditLead"/>
  <testcase name="editLeadTestCase" time="10.026" classname="week5.day2.EditLead"/>
</testsuite> <!-- week5.day2.EditLead -->
