<?xml version="1.0" encoding="UTF-8"?>
<!-- Generated by org.testng.reporters.JUnitReportReporter -->
<testsuite skipped="0" hostname="DESKTOP-51NR18P" name="interview.java.questions.FibonacciSeries" tests="2" failures="0" timestamp="02 Apr 2019 11:04:28 GMT" time="0.010" errors="0">
  <testcase name="soln2" time="0.002" classname="interview.java.questions.FibonacciSeries"/>
  <testcase name="soln1" time="0.008" classname="interview.java.questions.FibonacciSeries"/>
</testsuite> <!-- interview.java.questions.FibonacciSeries -->
