<?xml version="1.0" encoding="UTF-8"?>
<!-- Generated by org.testng.reporters.JUnitReportReporter -->
<testsuite skipped="0" hostname="DESKTOP-51NR18P" name="dailyHomeWork.DailyHomeWork" tests="4" failures="0" timestamp="13 Mar 2019 15:40:51 GMT" time="0.028" errors="0">
  <testcase name="d" time="0.002" classname="dailyHomeWork.DailyHomeWork"/>
  <testcase name="c" time="0.001" classname="dailyHomeWork.DailyHomeWork"/>
  <testcase name="b" time="0.001" classname="dailyHomeWork.DailyHomeWork"/>
  <testcase name="a" time="0.024" classname="dailyHomeWork.DailyHomeWork"/>
</testsuite> <!-- dailyHomeWork.DailyHomeWork -->
