<?xml version="1.0" encoding="UTF-8"?>
<!-- Generated by org.testng.reporters.JUnitReportReporter -->
<testsuite skipped="0" hostname="DESKTOP-51NR18P" name="week5.day1.testNGLearning.DuplicateLead" tests="1" failures="0" timestamp="10 Mar 2019 10:42:47 GMT" time="9.984" errors="0">
  <testcase name="duplicateLeadTestCase" time="9.984" classname="week5.day1.testNGLearning.DuplicateLead"/>
</testsuite> <!-- week5.day1.testNGLearning.DuplicateLead -->
