<?xml version="1.0" encoding="UTF-8"?>
<!-- Generated by org.testng.reporters.JUnitReportReporter -->
<testsuite skipped="2" hostname="DESKTOP-51NR18P" name="interview.java.questions.Occurences" tests="3" failures="0" timestamp="03 Apr 2019 10:52:34 GMT" time="0.000" errors="0">
  <testcase name="soln3" time="0.000" classname="interview.java.questions.Occurences"/>
  <testcase name="soln2" classname="interview.java.questions.Occurences">
    <skipped/>
  </testcase> <!-- soln2 -->
  <testcase name="soln1" classname="interview.java.questions.Occurences">
    <skipped/>
  </testcase> <!-- soln1 -->
</testsuite> <!-- interview.java.questions.Occurences -->
