<?xml version="1.0" encoding="UTF-8"?>
<!-- Generated by org.testng.reporters.JUnitReportReporter -->
<testsuite skipped="0" hostname="DESKTOP-51NR18P" name="week5.day2.DeleteLead" tests="4" failures="0" timestamp="17 Mar 2019 10:15:14 GMT" time="62.371" errors="0">
  <testcase name="deleteLeadTestCase" time="15.633" classname="week5.day2.DeleteLead"/>
  <testcase name="deleteLeadTestCase" time="16.210" classname="week5.day2.DeleteLead"/>
  <testcase name="deleteLeadTestCase" time="14.574" classname="week5.day2.DeleteLead"/>
  <testcase name="deleteLeadTestCase" time="15.954" classname="week5.day2.DeleteLead"/>
</testsuite> <!-- week5.day2.DeleteLead -->
