<?xml version="1.0" encoding="UTF-8"?>
<!-- Generated by org.testng.reporters.JUnitReportReporter -->
<testsuite skipped="1" hostname="DESKTOP-51NR18P" name="interview.java.questions.PrimeOrNot" tests="2" failures="0" timestamp="03 Apr 2019 08:08:08 GMT" time="18.880" errors="0">
  <testcase name="soln2" time="18.880" classname="interview.java.questions.PrimeOrNot"/>
  <testcase name="soln1" classname="interview.java.questions.PrimeOrNot">
    <skipped/>
  </testcase> <!-- soln1 -->
</testsuite> <!-- interview.java.questions.PrimeOrNot -->
