<?xml version="1.0" encoding="UTF-8"?>
<!-- Generated by org.testng.reporters.JUnitReportReporter -->
<testsuite skipped="0" hostname="DESKTOP-51NR18P" name="week5.day1.testNGLearning.CreateLead" tests="2" failures="0" timestamp="10 Mar 2019 10:42:47 GMT" time="6.399" errors="0">
  <testcase name="createLeadTestcase" time="3.171" classname="week5.day1.testNGLearning.CreateLead"/>
  <testcase name="createLeadTestcase" time="3.228" classname="week5.day1.testNGLearning.CreateLead"/>
</testsuite> <!-- week5.day1.testNGLearning.CreateLead -->
