<?xml version="1.0" encoding="UTF-8"?>
<!-- Generated by org.testng.reporters.JUnitReportReporter -->
<testsuite skipped="0" hostname="DESKTOP-51NR18P" name="week5.day1.LearnTestNGAnnotations" tests="2" failures="0" timestamp="05 Apr 2019 07:36:31 GMT" time="0.000" errors="0">
  <testcase name="testCase2" time="0.000" classname="week5.day1.LearnTestNGAnnotations"/>
  <testcase name="testCase" time="0.000" classname="week5.day1.LearnTestNGAnnotations"/>
</testsuite> <!-- week5.day1.LearnTestNGAnnotations -->
