<?xml version="1.0" encoding="UTF-8"?>
<!-- Generated by org.testng.reporters.JUnitReportReporter -->
<testsuite skipped="0" hostname="DESKTOP-51NR18P" name="week5.day1.testNGLearning.DeleteLead" tests="1" failures="0" timestamp="10 Mar 2019 10:42:47 GMT" time="15.650" errors="0">
  <testcase name="deleteLeadTestCase" time="15.650" classname="week5.day1.testNGLearning.DeleteLead"/>
</testsuite> <!-- week5.day1.testNGLearning.DeleteLead -->
