<?xml version="1.0" encoding="UTF-8"?>
<!-- Generated by org.testng.reporters.JUnitReportReporter -->
<testsuite skipped="0" hostname="DESKTOP-51NR18P" name="week5.day1.testNGLearning.MergeLead" tests="1" failures="0" timestamp="09 Mar 2019 16:49:00 GMT" time="228.489" errors="0">
  <testcase name="mergeLeadTestCase" time="228.489" classname="week5.day1.testNGLearning.MergeLead"/>
</testsuite> <!-- week5.day1.testNGLearning.MergeLead -->
