<?xml version="1.0" encoding="UTF-8"?>
<!-- Generated by org.testng.reporters.JUnitReportReporter -->
<testsuite skipped="3" hostname="DESKTOP-51NR18P" name="interview.java.questions.FindDuplicatesInArray" tests="4" failures="0" timestamp="01 Apr 2019 13:42:49 GMT" time="0.015" errors="0">
  <testcase name="soln4" time="0.015" classname="interview.java.questions.FindDuplicatesInArray"/>
  <testcase name="soln2" classname="interview.java.questions.FindDuplicatesInArray">
    <skipped/>
  </testcase> <!-- soln2 -->
  <testcase name="soln1" classname="interview.java.questions.FindDuplicatesInArray">
    <skipped/>
  </testcase> <!-- soln1 -->
  <testcase name="soln3" classname="interview.java.questions.FindDuplicatesInArray">
    <skipped/>
  </testcase> <!-- soln3 -->
</testsuite> <!-- interview.java.questions.FindDuplicatesInArray -->
