<?xml version="1.0" encoding="UTF-8"?>
<!-- Generated by org.testng.reporters.JUnitReportReporter -->
<testsuite skipped="0" hostname="DESKTOP-51NR18P" name="week8.day2.LearnWebTable" tests="1" failures="0" timestamp="01 Apr 2019 10:50:50 GMT" time="9.615" errors="0">
  <testcase name="webTable" time="9.615" classname="week8.day2.LearnWebTable"/>
</testsuite> <!-- week8.day2.LearnWebTable -->
