<?xml version="1.0" encoding="UTF-8"?>
<!-- Generated by org.testng.reporters.JUnitReportReporter -->
<testsuite skipped="2" hostname="DESKTOP-51NR18P" name="runner.RunEditTest" tests="2" failures="0" timestamp="17 Mar 2019 10:01:55 GMT" time="42.442" errors="0">
  <testcase name="runScenario" time="24.497" classname="runner.RunEditTest">
    <skipped/>
  </testcase> <!-- runScenario -->
  <testcase name="runScenario" time="17.945" classname="runner.RunEditTest">
    <skipped/>
  </testcase> <!-- runScenario -->
</testsuite> <!-- runner.RunEditTest -->
