<?xml version="1.0" encoding="UTF-8"?>
<!-- Generated by org.testng.reporters.JUnitReportReporter -->
<testsuite skipped="2" hostname="DESKTOP-51NR18P" name="interview.java.questions.ProgrammingQuestions" tests="3" failures="0" timestamp="01 Apr 2019 12:28:12 GMT" time="0.008" errors="0">
  <testcase name="reverseAString3" time="0.008" classname="interview.java.questions.ProgrammingQuestions"/>
  <testcase name="reverseAString2" classname="interview.java.questions.ProgrammingQuestions">
    <skipped/>
  </testcase> <!-- reverseAString2 -->
  <testcase name="reverseAString1" classname="interview.java.questions.ProgrammingQuestions">
    <skipped/>
  </testcase> <!-- reverseAString1 -->
</testsuite> <!-- interview.java.questions.ProgrammingQuestions -->
