<?xml version="1.0" encoding="UTF-8"?>
<!-- Generated by org.testng.reporters.JUnitReportReporter -->
<testsuite skipped="0" hostname="DESKTOP-51NR18P" name="week5.day2.CreateLead" tests="4" failures="0" timestamp="17 Mar 2019 10:15:14 GMT" time="17.317" errors="0">
  <testcase name="createLeadTestcase" time="4.853" classname="week5.day2.CreateLead"/>
  <testcase name="createLeadTestcase" time="4.482" classname="week5.day2.CreateLead"/>
  <testcase name="createLeadTestcase" time="4.394" classname="week5.day2.CreateLead"/>
  <testcase name="createLeadTestcase" time="3.588" classname="week5.day2.CreateLead"/>
</testsuite> <!-- week5.day2.CreateLead -->
