<?xml version="1.0" encoding="UTF-8"?>
<!-- Generated by org.testng.reporters.JUnitReportReporter -->
<testsuite skipped="0" hostname="DESKTOP-51NR18P" name="week5.day1.testNGLearning.EditLead" tests="1" failures="0" timestamp="10 Mar 2019 10:42:47 GMT" time="10.584" errors="0">
  <testcase name="editLeadTestCase" time="10.584" classname="week5.day1.testNGLearning.EditLead"/>
</testsuite> <!-- week5.day1.testNGLearning.EditLead -->
