<?xml version="1.0" encoding="UTF-8"?>
<!-- Generated by org.testng.reporters.JUnitReportReporter -->
<testsuite skipped="0" hostname="DESKTOP-51NR18P" name="runner.RunTest" tests="2" failures="0" timestamp="17 Mar 2019 09:52:55 GMT" time="73.904" errors="0">
  <testcase name="runScenario" time="44.690" classname="runner.RunTest"/>
  <testcase name="runScenario" time="29.214" classname="runner.RunTest"/>
</testsuite> <!-- runner.RunTest -->
